2023.08.30 19:09:57 INFO  Started: Metals version 1.0.1 in folders 'C:\Users\jacob\w0kojo' for client Visual Studio Code 1.81.1.
Aug 30, 2023 7:09:58 PM org.flywaydb.core.internal.license.VersionPrinter printVersionOnly
INFO: Flyway Community Edition 9.21.2 by Redgate
Aug 30, 2023 7:09:58 PM org.flywaydb.core.internal.license.VersionPrinter printVersion
INFO: See release notes here: https://rd.gt/416ObMi
Aug 30, 2023 7:09:58 PM org.flywaydb.core.internal.license.VersionPrinter printVersion
INFO: 
Aug 30, 2023 7:09:58 PM org.flywaydb.core.FlywayExecutor execute
INFO: Database: jdbc:h2:file:C:\Users\jacob\w0kojo\.metals\metals (H2 2.1)
Aug 30, 2023 7:09:58 PM org.flywaydb.core.internal.schemahistory.JdbcTableSchemaHistory allAppliedMigrations
INFO: Schema history table "PUBLIC"."flyway_schema_history" does not exist yet
Aug 30, 2023 7:09:58 PM org.flywaydb.core.internal.command.DbValidate validate
INFO: Successfully validated 4 migrations (execution time 00:00.032s)
Aug 30, 2023 7:09:58 PM org.flywaydb.core.internal.schemahistory.JdbcTableSchemaHistory create
INFO: Creating Schema History table "PUBLIC"."flyway_schema_history" ...
Aug 30, 2023 7:09:58 PM org.flywaydb.core.internal.command.DbMigrate migrateGroup
INFO: Current version of schema "PUBLIC": << Empty Schema >>
Aug 30, 2023 7:09:58 PM org.flywaydb.core.internal.command.DbMigrate doMigrateGroup
INFO: Migrating schema "PUBLIC" to version "1 - Create tables"
Aug 30, 2023 7:09:58 PM org.flywaydb.core.internal.command.DbMigrate doMigrateGroup
INFO: Migrating schema "PUBLIC" to version "2 - Server discovery"
Aug 30, 2023 7:09:58 PM org.flywaydb.core.internal.command.DbMigrate doMigrateGroup
INFO: Migrating schema "PUBLIC" to version "3 - Jar symbols"
Aug 30, 2023 7:09:58 PM org.flywaydb.core.internal.command.DbMigrate doMigrateGroup
INFO: Migrating schema "PUBLIC" to version "4 - Fingerprints"
Aug 30, 2023 7:09:58 PM org.flywaydb.core.internal.command.DbMigrate logSummary
INFO: Successfully applied 4 migrations to schema "PUBLIC", now at version v4 (execution time 00:00.031s)
2023.08.30 19:09:59 INFO  time: initialize in 1.28s
2023.08.30 19:10:02 WARN  no build target for: C:\Users\jacob\w0kojo\kojolib.scala
2023.08.30 19:10:02 INFO  Attempting to connect to the build server...
2023.08.30 19:10:02 INFO  Running BSP server List(C:\Users\jacob\AppData\Local\Coursier\data\bin\.scala-cli.aux.exe, bsp, --json-options, C:\Users\jacob\w0kojo\.scala-build\ide-options-v2.json, C:\Users\jacob\w0kojo)
Aug 30, 2023 7:10:02 PM org.eclipse.lsp4j.jsonrpc.RemoteEndpoint fallbackResponseError
SEVERE: Internal error: scala.meta.internal.metals.debug.BuildTargetNotFoundForPathException: No build target could be found for the path: C:\Users\jacob\w0kojo\kojolib.scala
java.util.concurrent.CompletionException: scala.meta.internal.metals.debug.BuildTargetNotFoundForPathException: No build target could be found for the path: C:\Users\jacob\w0kojo\kojolib.scala
	at java.base/java.util.concurrent.CompletableFuture.encodeThrowable(CompletableFuture.java:331)
	at java.base/java.util.concurrent.CompletableFuture.uniAcceptNow(CompletableFuture.java:743)
	at java.base/java.util.concurrent.CompletableFuture.uniAcceptStage(CompletableFuture.java:731)
	at java.base/java.util.concurrent.CompletableFuture.thenAcceptAsync(CompletableFuture.java:2112)
	at scala.concurrent.java8.FuturesConvertersImpl$CF.thenAccept(FutureConvertersImpl.scala:37)
	at org.eclipse.lsp4j.jsonrpc.RemoteEndpoint.handleRequest(RemoteEndpoint.java:279)
	at org.eclipse.lsp4j.jsonrpc.RemoteEndpoint.consume(RemoteEndpoint.java:190)
	at org.eclipse.lsp4j.jsonrpc.json.StreamMessageProducer.handleMessage(StreamMessageProducer.java:194)
	at org.eclipse.lsp4j.jsonrpc.json.StreamMessageProducer.listen(StreamMessageProducer.java:94)
	at org.eclipse.lsp4j.jsonrpc.json.ConcurrentMessageProcessor.run(ConcurrentMessageProcessor.java:113)
	at java.base/java.util.concurrent.Executors$RunnableAdapter.call(Executors.java:515)
	at java.base/java.util.concurrent.FutureTask.run(FutureTask.java:264)
	at java.base/java.util.concurrent.ThreadPoolExecutor.runWorker(ThreadPoolExecutor.java:1128)
	at java.base/java.util.concurrent.ThreadPoolExecutor$Worker.run(ThreadPoolExecutor.java:628)
	at java.base/java.lang.Thread.run(Thread.java:829)
Caused by: scala.meta.internal.metals.debug.BuildTargetNotFoundForPathException: No build target could be found for the path: C:\Users\jacob\w0kojo\kojolib.scala
	at scala.meta.internal.metals.debug.DebugProvider.debugDiscovery(DebugProvider.scala:470)
	at scala.meta.internal.metals.MetalsLspService.debugDiscovery(MetalsLspService.scala:1803)
	at scala.meta.internal.metals.WorkspaceLspService.executeCommand(WorkspaceLspService.scala:869)
	at scala.meta.metals.lsp.DelegatingScalaService.executeCommand(DelegatingScalaService.scala:169)
	at java.base/jdk.internal.reflect.NativeMethodAccessorImpl.invoke0(Native Method)
	at java.base/jdk.internal.reflect.NativeMethodAccessorImpl.invoke(NativeMethodAccessorImpl.java:62)
	at java.base/jdk.internal.reflect.DelegatingMethodAccessorImpl.invoke(DelegatingMethodAccessorImpl.java:43)
	at java.base/java.lang.reflect.Method.invoke(Method.java:566)
	at org.eclipse.lsp4j.jsonrpc.services.GenericEndpoint.lambda$null$0(GenericEndpoint.java:65)
	at org.eclipse.lsp4j.jsonrpc.services.GenericEndpoint.request(GenericEndpoint.java:120)
	at org.eclipse.lsp4j.jsonrpc.RemoteEndpoint.handleRequest(RemoteEndpoint.java:261)
	... 9 more

2023.08.30 19:10:02 INFO  Attempting to connect to the build server...
2023.08.30 19:10:02 INFO  Running BSP server List(C:\Users\jacob\AppData\Local\Coursier\data\bin\.scala-cli.aux.exe, bsp, --json-options, C:\Users\jacob\w0kojo\.scala-build\ide-options-v2.json, C:\Users\jacob\w0kojo)
2023.08.30 19:10:02 INFO  tracing is disabled for protocol BSP, to enable tracing of incoming and outgoing JSON messages create an empty file at C:\Users\jacob\w0kojo\.metals\bsp.trace.json or C:\Users\jacob\AppData\Local\scalameta\metals\cache\bsp.trace.json
2023.08.30 19:10:02 INFO  tracing is disabled for protocol BSP, to enable tracing of incoming and outgoing JSON messages create an empty file at C:\Users\jacob\w0kojo\.metals\bsp.trace.json or C:\Users\jacob\AppData\Local\scalameta\metals\cache\bsp.trace.json
2023.08.30 19:10:07 INFO  BSP server: Downloading https://repo1.maven.org/maven2/org/scala-lang/scala3-library_3/3.1.3/scala3-library_3-3.1.3-sources.jar
2023.08.30 19:10:07 INFO  BSP server: Downloading https://repo1.maven.org/maven2/org/scala-lang/scala-library/2.13.8/scala-library-2.13.8-sources.jar
2023.08.30 19:10:07 INFO  BSP server: Downloading https://repo1.maven.org/maven2/org/scala-lang/scala3-library_3/3.1.3/scala3-library_3-3.1.3-sources.jar
2023.08.30 19:10:07 INFO  BSP server: Downloading https://repo1.maven.org/maven2/org/scala-lang/scala-library/2.13.8/scala-library-2.13.8-sources.jar
2023.08.30 19:10:07 INFO  BSP server: Downloaded https://repo1.maven.org/maven2/org/scala-lang/scala3-library_3/3.1.3/scala3-library_3-3.1.3-sources.jar
2023.08.30 19:10:07 INFO  BSP server: (watching) Downloaded https://repo1.maven.org/maven2/org/scala-lang/scala3-library_3/3.1.3/scala3-library_3-3.1.3-sources.jar
2023.08.30 19:10:07 INFO  BSP server: Downloaded https://repo1.maven.org/maven2/org/scala-lang/scala-library/2.13.8/scala-library-2.13.8-sources.jar
2023.08.30 19:10:07 INFO  BSP server: (watching) Downloaded https://repo1.maven.org/maven2/org/scala-lang/scala-library/2.13.8/scala-library-2.13.8-sources.jar
2023.08.30 19:10:07 INFO  BSP server: Error: java.nio.file.AccessDeniedException: C:\Users\jacob\AppData\Local\Coursier\cache\v1\https\repo1.maven.org\maven2\org\scala-lang\scala-library\2.13.8\.scala-library-2.13.8-sources.jar__sha1.computed2358247513205142701.tmp -> C:\Users\jacob\AppData\Local\Coursier\cache\v1\https\repo1.maven.org\maven2\org\scala-lang\scala-library\2.13.8\.scala-library-2.13.8-sources.jar__sha1.computed
2023.08.30 19:10:07 INFO  BSP server: For more details, please see 'C:\Users\jacob\w0kojo\.scala-build\stacktraces\1693415407-2226403087492346700.log'
2023.08.30 19:10:07 INFO  BSP server: [E] Exiting BSP server with Connection reset
2023.08.30 19:10:07 INFO  BSP server: Bloop 'bsp' command exited with code 1. Something may be wrong with the current configuration.
2023.08.30 19:10:07 INFO  BSP server: Running the clean sub-command to clear the working directory and remove caches might help.
2023.08.30 19:10:07 INFO  BSP server: If the error persists, please report the issue as a bug and attach a log with increased verbosity by passing -v -v -v.
2023.08.30 19:10:08 INFO  BSP server: Downloading https://repo1.maven.org/maven2/net/kogics/kojo-lib/
2023.08.30 19:10:08 INFO  BSP server: Downloaded https://repo1.maven.org/maven2/net/kogics/kojo-lib/
2023.08.30 19:10:08 INFO  time: Connected to build server in 6.54s
2023.08.30 19:10:08 INFO  Connected to Build server: scala-cli v1.0.4
2023.08.30 19:10:09 INFO  BSP server: Downloading https://repo1.maven.org/maven2/net/kogics/kojo-lib/
2023.08.30 19:10:09 INFO  BSP server: Downloaded https://repo1.maven.org/maven2/net/kogics/kojo-lib/
2023.08.30 19:10:10 INFO  compiling w0kojo_bd2c96d2de (1 scala source)
2023.08.30 19:10:12 INFO  no build target found for C:\Users\jacob\w0kojo\kojolib.scala. Using presentation compiler with project's scala-library version: 3.3.0
2023.08.30 19:10:14 INFO  time: Imported build in 1.11s
2023.08.30 19:10:16 INFO  no build target found for C:\Users\jacob\w0kojo\kojolib.scala. Using presentation compiler with project's scala-library version: 3.3.0
2023.08.30 19:10:19 INFO  time: code lens generation in 17s
2023.08.30 19:10:22 ERROR Timeout waiting for 'build/initialize' response
2023.08.30 19:10:22 WARN  Retrying connection to the build server scala-cli
2023.08.30 19:10:22 INFO  Running BSP server List(C:\Users\jacob\AppData\Local\Coursier\data\bin\.scala-cli.aux.exe, bsp, --json-options, C:\Users\jacob\w0kojo\.scala-build\ide-options-v2.json, C:\Users\jacob\w0kojo)
2023.08.30 19:10:22 INFO  tracing is disabled for protocol BSP, to enable tracing of incoming and outgoing JSON messages create an empty file at C:\Users\jacob\w0kojo\.metals\bsp.trace.json or C:\Users\jacob\AppData\Local\scalameta\metals\cache\bsp.trace.json
Aug 30, 2023 7:10:24 PM org.eclipse.lsp4j.jsonrpc.RemoteEndpoint fallbackResponseError
SEVERE: Internal error: scala.meta.internal.metals.debug.DebugProvider$NoRunOptionException$: There is nothing to run or test in the current file.
java.util.concurrent.CompletionException: scala.meta.internal.metals.debug.DebugProvider$NoRunOptionException$: There is nothing to run or test in the current file.
	at java.base/java.util.concurrent.CompletableFuture.encodeThrowable(CompletableFuture.java:331)
	at java.base/java.util.concurrent.CompletableFuture.uniAcceptNow(CompletableFuture.java:743)
	at java.base/java.util.concurrent.CompletableFuture.uniAcceptStage(CompletableFuture.java:731)
	at java.base/java.util.concurrent.CompletableFuture.thenAcceptAsync(CompletableFuture.java:2112)
	at scala.concurrent.java8.FuturesConvertersImpl$CF.thenAccept(FutureConvertersImpl.scala:37)
	at org.eclipse.lsp4j.jsonrpc.RemoteEndpoint.handleRequest(RemoteEndpoint.java:279)
	at org.eclipse.lsp4j.jsonrpc.RemoteEndpoint.consume(RemoteEndpoint.java:190)
	at org.eclipse.lsp4j.jsonrpc.json.StreamMessageProducer.handleMessage(StreamMessageProducer.java:194)
	at org.eclipse.lsp4j.jsonrpc.json.StreamMessageProducer.listen(StreamMessageProducer.java:94)
	at org.eclipse.lsp4j.jsonrpc.json.ConcurrentMessageProcessor.run(ConcurrentMessageProcessor.java:113)
	at java.base/java.util.concurrent.Executors$RunnableAdapter.call(Executors.java:515)
	at java.base/java.util.concurrent.FutureTask.run(FutureTask.java:264)
	at java.base/java.util.concurrent.ThreadPoolExecutor.runWorker(ThreadPoolExecutor.java:1128)
	at java.base/java.util.concurrent.ThreadPoolExecutor$Worker.run(ThreadPoolExecutor.java:628)
	at java.base/java.lang.Thread.run(Thread.java:829)
Caused by: scala.meta.internal.metals.debug.DebugProvider$NoRunOptionException$: There is nothing to run or test in the current file.
	at scala.meta.internal.metals.debug.DebugProvider$NoRunOptionException$.<clinit>(DebugProvider.scala:919)
	at scala.meta.internal.metals.debug.DebugProvider.$anonfun$resolveInFile$2(DebugProvider.scala:371)
	at scala.Option.fold(Option.scala:263)
	at scala.meta.internal.metals.debug.DebugProvider.resolveInFile(DebugProvider.scala:342)
	at scala.meta.internal.metals.debug.DebugProvider.debugDiscovery(DebugProvider.scala:476)
	at scala.meta.internal.metals.MetalsLspService.debugDiscovery(MetalsLspService.scala:1803)
	at scala.meta.internal.metals.WorkspaceLspService.executeCommand(WorkspaceLspService.scala:869)
	at scala.meta.metals.lsp.DelegatingScalaService.executeCommand(DelegatingScalaService.scala:169)
	at java.base/jdk.internal.reflect.NativeMethodAccessorImpl.invoke0(Native Method)
	at java.base/jdk.internal.reflect.NativeMethodAccessorImpl.invoke(NativeMethodAccessorImpl.java:62)
	at java.base/jdk.internal.reflect.DelegatingMethodAccessorImpl.invoke(DelegatingMethodAccessorImpl.java:43)
	at java.base/java.lang.reflect.Method.invoke(Method.java:566)
	at org.eclipse.lsp4j.jsonrpc.services.GenericEndpoint.lambda$null$0(GenericEndpoint.java:65)
	at org.eclipse.lsp4j.jsonrpc.services.GenericEndpoint.request(GenericEndpoint.java:120)
	at org.eclipse.lsp4j.jsonrpc.RemoteEndpoint.handleRequest(RemoteEndpoint.java:261)
	... 9 more

2023.08.30 19:10:25 INFO  BSP server: Downloading https://repo1.maven.org/maven2/net/kogics/kojo-lib/
2023.08.30 19:10:25 INFO  time: indexed workspace in 10s
2023.08.30 19:10:25 INFO  BSP server: Downloaded https://repo1.maven.org/maven2/net/kogics/kojo-lib/
2023.08.30 19:10:26 INFO  BSP server: Downloading https://repo1.maven.org/maven2/net/kogics/kojo-lib/
2023.08.30 19:10:26 INFO  BSP server: Downloaded https://repo1.maven.org/maven2/net/kogics/kojo-lib/
2023.08.30 19:10:27 INFO  BSP server: Downloading https://repo1.maven.org/maven2/net/kogics/kojo-lib/
2023.08.30 19:10:27 INFO  BSP server: Downloaded https://repo1.maven.org/maven2/net/kogics/kojo-lib/
2023.08.30 19:10:27 INFO  time: Connected to build server in 25s
2023.08.30 19:10:27 INFO  Connected to Build server: scala-cli v1.0.4
Aug 30, 2023 7:10:28 PM org.eclipse.lsp4j.jsonrpc.RemoteEndpoint fallbackResponseError
SEVERE: Internal error: scala.meta.internal.metals.debug.DebugProvider$NoRunOptionException$: There is nothing to run or test in the current file.
java.util.concurrent.CompletionException: scala.meta.internal.metals.debug.DebugProvider$NoRunOptionException$: There is nothing to run or test in the current file.
	at java.base/java.util.concurrent.CompletableFuture.encodeThrowable(CompletableFuture.java:331)
	at java.base/java.util.concurrent.CompletableFuture.uniAcceptNow(CompletableFuture.java:743)
	at java.base/java.util.concurrent.CompletableFuture.uniAcceptStage(CompletableFuture.java:731)
	at java.base/java.util.concurrent.CompletableFuture.thenAcceptAsync(CompletableFuture.java:2112)
	at scala.concurrent.java8.FuturesConvertersImpl$CF.thenAccept(FutureConvertersImpl.scala:37)
	at org.eclipse.lsp4j.jsonrpc.RemoteEndpoint.handleRequest(RemoteEndpoint.java:279)
	at org.eclipse.lsp4j.jsonrpc.RemoteEndpoint.consume(RemoteEndpoint.java:190)
	at org.eclipse.lsp4j.jsonrpc.json.StreamMessageProducer.handleMessage(StreamMessageProducer.java:194)
	at org.eclipse.lsp4j.jsonrpc.json.StreamMessageProducer.listen(StreamMessageProducer.java:94)
	at org.eclipse.lsp4j.jsonrpc.json.ConcurrentMessageProcessor.run(ConcurrentMessageProcessor.java:113)
	at java.base/java.util.concurrent.Executors$RunnableAdapter.call(Executors.java:515)
	at java.base/java.util.concurrent.FutureTask.run(FutureTask.java:264)
	at java.base/java.util.concurrent.ThreadPoolExecutor.runWorker(ThreadPoolExecutor.java:1128)
	at java.base/java.util.concurrent.ThreadPoolExecutor$Worker.run(ThreadPoolExecutor.java:628)
	at java.base/java.lang.Thread.run(Thread.java:829)
Caused by: scala.meta.internal.metals.debug.DebugProvider$NoRunOptionException$: There is nothing to run or test in the current file.
	at scala.meta.internal.metals.debug.DebugProvider$NoRunOptionException$.<clinit>(DebugProvider.scala:919)
	at scala.meta.internal.metals.debug.DebugProvider.$anonfun$resolveInFile$2(DebugProvider.scala:371)
	at scala.Option.fold(Option.scala:263)
	at scala.meta.internal.metals.debug.DebugProvider.resolveInFile(DebugProvider.scala:342)
	at scala.meta.internal.metals.debug.DebugProvider.debugDiscovery(DebugProvider.scala:476)
	at scala.meta.internal.metals.MetalsLspService.debugDiscovery(MetalsLspService.scala:1803)
	at scala.meta.internal.metals.WorkspaceLspService.executeCommand(WorkspaceLspService.scala:869)
	at scala.meta.metals.lsp.DelegatingScalaService.executeCommand(DelegatingScalaService.scala:169)
	at java.base/jdk.internal.reflect.NativeMethodAccessorImpl.invoke0(Native Method)
	at java.base/jdk.internal.reflect.NativeMethodAccessorImpl.invoke(NativeMethodAccessorImpl.java:62)
	at java.base/jdk.internal.reflect.DelegatingMethodAccessorImpl.invoke(DelegatingMethodAccessorImpl.java:43)
	at java.base/java.lang.reflect.Method.invoke(Method.java:566)
	at org.eclipse.lsp4j.jsonrpc.services.GenericEndpoint.lambda$null$0(GenericEndpoint.java:65)
	at org.eclipse.lsp4j.jsonrpc.services.GenericEndpoint.request(GenericEndpoint.java:120)
	at org.eclipse.lsp4j.jsonrpc.RemoteEndpoint.handleRequest(RemoteEndpoint.java:261)
	... 9 more

2023.08.30 19:10:28 INFO  time: Imported build in 0.28s
2023.08.30 19:10:29 INFO  BSP server: Downloading https://repo1.maven.org/maven2/net/kogics/kojo-lib/
2023.08.30 19:10:29 INFO  BSP server: Downloaded https://repo1.maven.org/maven2/net/kogics/kojo-lib/
2023.08.30 19:10:30 INFO  BSP server: Downloading https://repo1.maven.org/maven2/net/kogics/kojo-lib/
2023.08.30 19:10:30 INFO  BSP server: Downloaded https://repo1.maven.org/maven2/net/kogics/kojo-lib/
2023.08.30 19:10:32 INFO  BSP server: Downloading https://repo1.maven.org/maven2/net/kogics/kojo-lib/
2023.08.30 19:10:32 INFO  BSP server: Downloaded https://repo1.maven.org/maven2/net/kogics/kojo-lib/
2023.08.30 19:10:34 INFO  time: indexed workspace in 5.82s
2023.08.30 19:10:36 INFO  BSP server: Downloading https://repo1.maven.org/maven2/net/kogics/kojo-lib/
2023.08.30 19:10:36 INFO  BSP server: Downloaded https://repo1.maven.org/maven2/net/kogics/kojo-lib/
2023.08.30 19:10:49 INFO  BSP server: Downloading https://repo1.maven.org/maven2/net/kogics/kojo-lib/
2023.08.30 19:10:49 INFO  BSP server: Downloaded https://repo1.maven.org/maven2/net/kogics/kojo-lib/
2023.08.30 19:10:50 INFO  BSP server: Downloading https://repo1.maven.org/maven2/net/kogics/kojo-lib/
2023.08.30 19:10:50 INFO  BSP server: Downloaded https://repo1.maven.org/maven2/net/kogics/kojo-lib/
2023.08.30 19:10:51 INFO  tracing is disabled for protocol dap-server, to enable tracing of incoming and outgoing JSON messages create an empty file at C:\Users\jacob\w0kojo\.metals\dap-server.trace.json or C:\Users\jacob\AppData\Local\scalameta\metals\cache\dap-server.trace.json
2023.08.30 19:10:51 INFO  tracing is disabled for protocol dap-client, to enable tracing of incoming and outgoing JSON messages create an empty file at C:\Users\jacob\w0kojo\.metals\dap-client.trace.json or C:\Users\jacob\AppData\Local\scalameta\metals\cache\dap-client.trace.json
2023.08.30 19:10:51 INFO  Starting debug proxy for [gurka]
2023.08.30 19:10:54 INFO  Loaded expression compiler in 2 seconds
2023.08.30 19:10:54 INFO  C:\Users\jacob\AppData\Local\Coursier\cache\v1\https\repo1.maven.org\maven2\ch\epfl\scala\scala-debug-step-filter_3\3.1.3\scala-debug-step-filter_3-3.1.3.jar
2023.08.30 19:10:54 INFO  C:\Users\jacob\AppData\Local\Coursier\cache\v1\https\repo1.maven.org\maven2\org\scala-lang\tasty-core_3\3.2.2\tasty-core_3-3.2.2.jar
2023.08.30 19:10:54 INFO  C:\Users\jacob\AppData\Local\Coursier\cache\v1\https\repo1.maven.org\maven2\org\scala-lang\scala3-library_3\3.2.2\scala3-library_3-3.2.2.jar
2023.08.30 19:10:54 INFO  C:\Users\jacob\AppData\Local\Coursier\cache\v1\https\repo1.maven.org\maven2\ch\epfl\scala\tasty-query_3\0.7.9\tasty-query_3-0.7.9.jar
2023.08.30 19:10:54 INFO  C:\Users\jacob\AppData\Local\Coursier\cache\v1\https\repo1.maven.org\maven2\org\scala-lang\scala-library\2.13.10\scala-library-2.13.10.jar
2023.08.30 19:10:54 INFO  Loaded step filter in 475 milliseconds
2023.08.30 19:11:03 INFO  Loaded all sources and classes in 7 seconds
2023.08.30 19:11:06 INFO  Trying to attach to remote debuggee VM 127.0.0.1:63831 .
2023.08.30 19:11:06 INFO  Attaching to debuggee VM succeeded.
2023.08.30 19:11:07 INFO  Canceling debug proxy for [gurka]
2023.08.30 19:11:07 INFO  Closing debug server tcp://0.0.0.0:63827
2023.08.30 19:11:31 INFO  BSP server: Downloading https://repo1.maven.org/maven2/net/kogics/kojo-lib/
2023.08.30 19:11:31 INFO  BSP server: Downloaded https://repo1.maven.org/maven2/net/kogics/kojo-lib/
2023.08.30 19:11:32 INFO  BSP server: Downloading https://repo1.maven.org/maven2/net/kogics/kojo-lib/
2023.08.30 19:11:32 INFO  BSP server: Downloaded https://repo1.maven.org/maven2/net/kogics/kojo-lib/
2023.08.30 19:11:32 INFO  tracing is disabled for protocol dap-server, to enable tracing of incoming and outgoing JSON messages create an empty file at C:\Users\jacob\w0kojo\.metals\dap-server.trace.json or C:\Users\jacob\AppData\Local\scalameta\metals\cache\dap-server.trace.json
2023.08.30 19:11:32 INFO  tracing is disabled for protocol dap-client, to enable tracing of incoming and outgoing JSON messages create an empty file at C:\Users\jacob\w0kojo\.metals\dap-client.trace.json or C:\Users\jacob\AppData\Local\scalameta\metals\cache\dap-client.trace.json
2023.08.30 19:11:32 INFO  Starting debug proxy for [gurka]
2023.08.30 19:11:33 INFO  Loaded expression compiler in 1 millisecond
2023.08.30 19:11:33 INFO  Loaded step filter in 0 milliseconds
2023.08.30 19:11:35 INFO  Loaded all sources and classes in 2 seconds
2023.08.30 19:11:36 INFO  Trying to attach to remote debuggee VM 127.0.0.1:63846 .
2023.08.30 19:11:36 INFO  Attaching to debuggee VM succeeded.
2023.08.30 19:11:36 INFO  Canceling debug proxy for [gurka]
2023.08.30 19:11:36 INFO  Closing debug server tcp://0.0.0.0:63844
2023.08.30 19:12:15 INFO  BSP server: Downloading https://repo1.maven.org/maven2/net/kogics/kojo-lib/
2023.08.30 19:12:15 INFO  BSP server: Downloaded https://repo1.maven.org/maven2/net/kogics/kojo-lib/
2023.08.30 19:12:16 INFO  compiling w0kojo_bd2c96d2de (1 scala source)
2023.08.30 19:12:18 INFO  time: compiled w0kojo_bd2c96d2de in 2.57s
2023.08.30 19:12:19 INFO  BSP server: Downloading https://repo1.maven.org/maven2/net/kogics/kojo-lib/
2023.08.30 19:12:19 INFO  BSP server: Downloaded https://repo1.maven.org/maven2/net/kogics/kojo-lib/
2023.08.30 19:12:19 INFO  tracing is disabled for protocol dap-server, to enable tracing of incoming and outgoing JSON messages create an empty file at C:\Users\jacob\w0kojo\.metals\dap-server.trace.json or C:\Users\jacob\AppData\Local\scalameta\metals\cache\dap-server.trace.json
2023.08.30 19:12:19 INFO  tracing is disabled for protocol dap-client, to enable tracing of incoming and outgoing JSON messages create an empty file at C:\Users\jacob\w0kojo\.metals\dap-client.trace.json or C:\Users\jacob\AppData\Local\scalameta\metals\cache\dap-client.trace.json
2023.08.30 19:12:19 INFO  Starting debug proxy for [gurka]
2023.08.30 19:12:19 INFO  Loaded expression compiler in 1 millisecond
2023.08.30 19:12:19 INFO  Loaded step filter in 0 milliseconds
2023.08.30 19:12:20 INFO  BSP server: Downloading https://repo1.maven.org/maven2/net/kogics/kojo-lib/
2023.08.30 19:12:20 INFO  BSP server: Downloaded https://repo1.maven.org/maven2/net/kogics/kojo-lib/
2023.08.30 19:12:23 INFO  Loaded all sources and classes in 3 seconds
2023.08.30 19:12:24 INFO  Trying to attach to remote debuggee VM 127.0.0.1:63862 .
2023.08.30 19:12:24 INFO  Attaching to debuggee VM succeeded.
2023.08.30 19:15:01 INFO  Canceling debug proxy for [gurka]
2023.08.30 19:15:01 INFO  Closing debug server tcp://0.0.0.0:63860
2023.08.30 19:19:24 INFO  BSP server: Downloading https://repo1.maven.org/maven2/net/kogics/kojo-lib/
2023.08.30 19:19:24 INFO  BSP server: Downloaded https://repo1.maven.org/maven2/net/kogics/kojo-lib/
2023.08.30 19:19:24 INFO  compiling w0kojo_bd2c96d2de (1 scala source)
2023.08.30 19:19:27 INFO  time: compiled w0kojo_bd2c96d2de in 2.28s
2023.08.30 19:19:34 INFO  BSP server: Downloading https://repo1.maven.org/maven2/net/kogics/kojo-lib/
2023.08.30 19:19:34 INFO  BSP server: Downloaded https://repo1.maven.org/maven2/net/kogics/kojo-lib/
2023.08.30 19:19:34 INFO  compiling w0kojo_bd2c96d2de (1 scala source)
2023.08.30 19:19:36 INFO  time: compiled w0kojo_bd2c96d2de in 2.04s
2023.08.30 19:19:38 INFO  BSP server: Downloading https://repo1.maven.org/maven2/net/kogics/kojo-lib/
2023.08.30 19:19:38 INFO  BSP server: Downloaded https://repo1.maven.org/maven2/net/kogics/kojo-lib/
2023.08.30 19:19:39 INFO  BSP server: Downloading https://repo1.maven.org/maven2/net/kogics/kojo-lib/
2023.08.30 19:19:39 INFO  BSP server: Downloaded https://repo1.maven.org/maven2/net/kogics/kojo-lib/
2023.08.30 19:19:39 INFO  tracing is disabled for protocol dap-server, to enable tracing of incoming and outgoing JSON messages create an empty file at C:\Users\jacob\w0kojo\.metals\dap-server.trace.json or C:\Users\jacob\AppData\Local\scalameta\metals\cache\dap-server.trace.json
2023.08.30 19:19:39 INFO  tracing is disabled for protocol dap-client, to enable tracing of incoming and outgoing JSON messages create an empty file at C:\Users\jacob\w0kojo\.metals\dap-client.trace.json or C:\Users\jacob\AppData\Local\scalameta\metals\cache\dap-client.trace.json
2023.08.30 19:19:40 INFO  Starting debug proxy for [gurka]
2023.08.30 19:19:40 INFO  Loaded expression compiler in 1 millisecond
2023.08.30 19:19:40 INFO  Loaded step filter in 0 milliseconds
2023.08.30 19:19:43 INFO  Loaded all sources and classes in 3 seconds
2023.08.30 19:19:45 INFO  Trying to attach to remote debuggee VM 127.0.0.1:63896 .
2023.08.30 19:19:45 INFO  Attaching to debuggee VM succeeded.
2023.08.30 19:19:54 INFO  Canceling debug proxy for [gurka]
2023.08.30 19:19:54 INFO  Closing debug server tcp://0.0.0.0:63894
Aug 30, 2023 7:36:50 PM org.eclipse.lsp4j.jsonrpc.RemoteEndpoint fallbackResponseError
SEVERE: Internal error: java.util.NoSuchElementException: token 77 out of 77
java.util.concurrent.CompletionException: java.util.NoSuchElementException: token 77 out of 77
	at java.base/java.util.concurrent.CompletableFuture.encodeThrowable(CompletableFuture.java:331)
	at java.base/java.util.concurrent.CompletableFuture.completeThrowable(CompletableFuture.java:346)
	at java.base/java.util.concurrent.CompletableFuture$UniAccept.tryFire(CompletableFuture.java:704)
	at java.base/java.util.concurrent.CompletableFuture.postComplete(CompletableFuture.java:506)
	at java.base/java.util.concurrent.CompletableFuture.completeExceptionally(CompletableFuture.java:2088)
	at scala.meta.internal.metals.CancelTokens$.$anonfun$future$1(CancelTokens.scala:40)
	at scala.meta.internal.metals.CancelTokens$.$anonfun$future$1$adapted(CancelTokens.scala:38)
	at scala.concurrent.impl.Promise$Transformation.run(Promise.scala:484)
	at java.base/java.util.concurrent.ThreadPoolExecutor.runWorker(ThreadPoolExecutor.java:1128)
	at java.base/java.util.concurrent.ThreadPoolExecutor$Worker.run(ThreadPoolExecutor.java:628)
	at java.base/java.lang.Thread.run(Thread.java:829)
Caused by: java.util.NoSuchElementException: token 77 out of 77
	at scala.meta.tokens.Tokens.apply(Tokens.scala:37)
	at scala.meta.internal.parsers.ScannerTokens.nextToken(ScannerTokens.scala:340)
	at scala.meta.internal.parsers.ScannerTokens.nextToken(ScannerTokens.scala:330)
	at scala.meta.internal.parsers.LazyTokenIterator.getNextTokenRef(LazyTokenIterator.scala:25)
	at scala.meta.internal.parsers.LazyTokenIterator.peekToken(LazyTokenIterator.scala:69)
	at scala.meta.internal.parsers.ScalametaParser.peekToken(ScalametaParser.scala:164)
	at scala.meta.internal.parsers.ScalametaParser.$anonfun$enumerators$1(ScalametaParser.scala:2513)
	at scala.meta.internal.parsers.ScalametaParser.$anonfun$enumerators$1$adapted(ScalametaParser.scala:2511)
	at scala.meta.internal.parsers.ScalametaParser.scala$meta$internal$parsers$ScalametaParser$$listBy(ScalametaParser.scala:505)
	at scala.meta.internal.parsers.ScalametaParser.enumerators(ScalametaParser.scala:2511)
	at scala.meta.internal.parsers.ScalametaParser.$anonfun$expr$2(ScalametaParser.scala:1584)
	at scala.meta.internal.parsers.ScalametaParser.atPosOpt(ScalametaParser.scala:303)
	at scala.meta.internal.parsers.ScalametaParser.autoPosOpt(ScalametaParser.scala:347)
	at scala.meta.internal.parsers.ScalametaParser.expr(ScalametaParser.scala:1512)
	at scala.meta.internal.parsers.ScalametaParser.expr(ScalametaParser.scala:1403)
	at scala.meta.internal.parsers.ScalametaParser.exprMaybeIndented(ScalametaParser.scala:1425)
	at scala.meta.internal.parsers.ScalametaParser.$anonfun$funDefRest$1(ScalametaParser.scala:3736)
	at scala.meta.internal.parsers.ScalametaParser.autoEndPos(ScalametaParser.scala:349)
	at scala.meta.internal.parsers.ScalametaParser.autoEndPos(ScalametaParser.scala:354)
	at scala.meta.internal.parsers.ScalametaParser.funDefRest(ScalametaParser.scala:3698)
	at scala.meta.internal.parsers.ScalametaParser.funDefOrDclOrExtensionOrSecondaryCtor(ScalametaParser.scala:3644)
	at scala.meta.internal.parsers.ScalametaParser.defOrDclOrSecondaryCtor(ScalametaParser.scala:3476)
	at scala.meta.internal.parsers.ScalametaParser.tmplDef(ScalametaParser.scala:3811)
	at scala.meta.internal.parsers.ScalametaParser.topLevelTmplDef(ScalametaParser.scala:3786)
	at scala.meta.internal.parsers.ScalametaParser$$anonfun$2.applyOrElse(ScalametaParser.scala:4378)
	at scala.meta.internal.parsers.ScalametaParser$$anonfun$2.applyOrElse(ScalametaParser.scala:4366)
	at scala.PartialFunction.$anonfun$runWith$1(PartialFunction.scala:231)
	at scala.PartialFunction.$anonfun$runWith$1$adapted(PartialFunction.scala:230)
	at scala.meta.internal.parsers.ScalametaParser.statSeqBuf(ScalametaParser.scala:4357)
	at scala.meta.internal.parsers.ScalametaParser.$anonfun$batchSource$13(ScalametaParser.scala:4594)
	at scala.Option.getOrElse(Option.scala:201)
	at scala.meta.internal.parsers.ScalametaParser.$anonfun$batchSource$1(ScalametaParser.scala:4594)
	at scala.meta.internal.parsers.ScalametaParser.atPos(ScalametaParser.scala:300)
	at scala.meta.internal.parsers.ScalametaParser.autoPos(ScalametaParser.scala:346)
	at scala.meta.internal.parsers.ScalametaParser.batchSource(ScalametaParser.scala:4550)
	at scala.meta.internal.parsers.ScalametaParser.$anonfun$source$1(ScalametaParser.scala:4543)
	at scala.meta.internal.parsers.ScalametaParser.atPos(ScalametaParser.scala:300)
	at scala.meta.internal.parsers.ScalametaParser.autoPos(ScalametaParser.scala:346)
	at scala.meta.internal.parsers.ScalametaParser.source(ScalametaParser.scala:4543)
	at scala.meta.internal.parsers.ScalametaParser.entrypointSource(ScalametaParser.scala:4548)
	at scala.meta.internal.parsers.ScalametaParser.parseSourceImpl(ScalametaParser.scala:127)
	at scala.meta.internal.parsers.ScalametaParser.$anonfun$parseSource$1(ScalametaParser.scala:124)
	at scala.meta.internal.parsers.ScalametaParser.parseRuleAfterBOF(ScalametaParser.scala:51)
	at scala.meta.internal.parsers.ScalametaParser.parseRule(ScalametaParser.scala:46)
	at scala.meta.internal.parsers.ScalametaParser.parseSource(ScalametaParser.scala:124)
	at scala.meta.parsers.Parse$.$anonfun$parseSource$1(Parse.scala:29)
	at scala.meta.parsers.Parse$$anon$1.apply(Parse.scala:36)
	at scala.meta.parsers.Api$XtensionParseDialectInput.parse(Api.scala:25)
	at scala.meta.internal.parsing.Trees.$anonfun$parse$2(Trees.scala:139)
	at scala.Option.map(Option.scala:242)
	at scala.meta.internal.parsing.Trees.parse(Trees.scala:130)
	at scala.meta.internal.parsing.Trees.didChange(Trees.scala:100)
	at scala.meta.internal.metals.MetalsLspService.$anonfun$parseTreesAndPublishDiags$2(MetalsLspService.scala:828)
	at scala.runtime.java8.JFunction0$mcV$sp.apply(JFunction0$mcV$sp.scala:18)
	at scala.concurrent.Future$.$anonfun$apply$1(Future.scala:687)
	at scala.concurrent.impl.Promise$Transformation.run(Promise.scala:467)
	... 3 more

Aug 30, 2023 7:36:51 PM org.eclipse.lsp4j.jsonrpc.RemoteEndpoint fallbackResponseError
SEVERE: Internal error: java.util.NoSuchElementException: token 78 out of 78
java.util.concurrent.CompletionException: java.util.NoSuchElementException: token 78 out of 78
	at java.base/java.util.concurrent.CompletableFuture.encodeThrowable(CompletableFuture.java:331)
	at java.base/java.util.concurrent.CompletableFuture.completeThrowable(CompletableFuture.java:346)
	at java.base/java.util.concurrent.CompletableFuture$UniAccept.tryFire(CompletableFuture.java:704)
	at java.base/java.util.concurrent.CompletableFuture.postComplete(CompletableFuture.java:506)
	at java.base/java.util.concurrent.CompletableFuture.completeExceptionally(CompletableFuture.java:2088)
	at scala.meta.internal.metals.CancelTokens$.$anonfun$future$1(CancelTokens.scala:40)
	at scala.meta.internal.metals.CancelTokens$.$anonfun$future$1$adapted(CancelTokens.scala:38)
	at scala.concurrent.impl.Promise$Transformation.run(Promise.scala:484)
	at java.base/java.util.concurrent.ThreadPoolExecutor.runWorker(ThreadPoolExecutor.java:1128)
	at java.base/java.util.concurrent.ThreadPoolExecutor$Worker.run(ThreadPoolExecutor.java:628)
	at java.base/java.lang.Thread.run(Thread.java:829)
Caused by: java.util.NoSuchElementException: token 78 out of 78
	at scala.meta.tokens.Tokens.apply(Tokens.scala:37)
	at scala.meta.internal.parsers.ScannerTokens.nextToken(ScannerTokens.scala:340)
	at scala.meta.internal.parsers.ScannerTokens.nextToken(ScannerTokens.scala:330)
	at scala.meta.internal.parsers.LazyTokenIterator.getNextTokenRef(LazyTokenIterator.scala:25)
	at scala.meta.internal.parsers.LazyTokenIterator.peekToken(LazyTokenIterator.scala:69)
	at scala.meta.internal.parsers.ScalametaParser.peekToken(ScalametaParser.scala:164)
	at scala.meta.internal.parsers.ScalametaParser.$anonfun$enumerators$1(ScalametaParser.scala:2513)
	at scala.meta.internal.parsers.ScalametaParser.$anonfun$enumerators$1$adapted(ScalametaParser.scala:2511)
	at scala.meta.internal.parsers.ScalametaParser.scala$meta$internal$parsers$ScalametaParser$$listBy(ScalametaParser.scala:505)
	at scala.meta.internal.parsers.ScalametaParser.enumerators(ScalametaParser.scala:2511)
	at scala.meta.internal.parsers.ScalametaParser.$anonfun$expr$2(ScalametaParser.scala:1584)
	at scala.meta.internal.parsers.ScalametaParser.atPosOpt(ScalametaParser.scala:303)
	at scala.meta.internal.parsers.ScalametaParser.autoPosOpt(ScalametaParser.scala:347)
	at scala.meta.internal.parsers.ScalametaParser.expr(ScalametaParser.scala:1512)
	at scala.meta.internal.parsers.ScalametaParser.expr(ScalametaParser.scala:1403)
	at scala.meta.internal.parsers.ScalametaParser.exprMaybeIndented(ScalametaParser.scala:1425)
	at scala.meta.internal.parsers.ScalametaParser.$anonfun$funDefRest$1(ScalametaParser.scala:3736)
	at scala.meta.internal.parsers.ScalametaParser.autoEndPos(ScalametaParser.scala:349)
	at scala.meta.internal.parsers.ScalametaParser.autoEndPos(ScalametaParser.scala:354)
	at scala.meta.internal.parsers.ScalametaParser.funDefRest(ScalametaParser.scala:3698)
	at scala.meta.internal.parsers.ScalametaParser.funDefOrDclOrExtensionOrSecondaryCtor(ScalametaParser.scala:3644)
	at scala.meta.internal.parsers.ScalametaParser.defOrDclOrSecondaryCtor(ScalametaParser.scala:3476)
	at scala.meta.internal.parsers.ScalametaParser.tmplDef(ScalametaParser.scala:3811)
	at scala.meta.internal.parsers.ScalametaParser.topLevelTmplDef(ScalametaParser.scala:3786)
	at scala.meta.internal.parsers.ScalametaParser$$anonfun$2.applyOrElse(ScalametaParser.scala:4378)
	at scala.meta.internal.parsers.ScalametaParser$$anonfun$2.applyOrElse(ScalametaParser.scala:4366)
	at scala.PartialFunction.$anonfun$runWith$1(PartialFunction.scala:231)
	at scala.PartialFunction.$anonfun$runWith$1$adapted(PartialFunction.scala:230)
	at scala.meta.internal.parsers.ScalametaParser.statSeqBuf(ScalametaParser.scala:4357)
	at scala.meta.internal.parsers.ScalametaParser.$anonfun$batchSource$13(ScalametaParser.scala:4594)
	at scala.Option.getOrElse(Option.scala:201)
	at scala.meta.internal.parsers.ScalametaParser.$anonfun$batchSource$1(ScalametaParser.scala:4594)
	at scala.meta.internal.parsers.ScalametaParser.atPos(ScalametaParser.scala:300)
	at scala.meta.internal.parsers.ScalametaParser.autoPos(ScalametaParser.scala:346)
	at scala.meta.internal.parsers.ScalametaParser.batchSource(ScalametaParser.scala:4550)
	at scala.meta.internal.parsers.ScalametaParser.$anonfun$source$1(ScalametaParser.scala:4543)
	at scala.meta.internal.parsers.ScalametaParser.atPos(ScalametaParser.scala:300)
	at scala.meta.internal.parsers.ScalametaParser.autoPos(ScalametaParser.scala:346)
	at scala.meta.internal.parsers.ScalametaParser.source(ScalametaParser.scala:4543)
	at scala.meta.internal.parsers.ScalametaParser.entrypointSource(ScalametaParser.scala:4548)
	at scala.meta.internal.parsers.ScalametaParser.parseSourceImpl(ScalametaParser.scala:127)
	at scala.meta.internal.parsers.ScalametaParser.$anonfun$parseSource$1(ScalametaParser.scala:124)
	at scala.meta.internal.parsers.ScalametaParser.parseRuleAfterBOF(ScalametaParser.scala:51)
	at scala.meta.internal.parsers.ScalametaParser.parseRule(ScalametaParser.scala:46)
	at scala.meta.internal.parsers.ScalametaParser.parseSource(ScalametaParser.scala:124)
	at scala.meta.parsers.Parse$.$anonfun$parseSource$1(Parse.scala:29)
	at scala.meta.parsers.Parse$$anon$1.apply(Parse.scala:36)
	at scala.meta.parsers.Api$XtensionParseDialectInput.parse(Api.scala:25)
	at scala.meta.internal.parsing.Trees.$anonfun$parse$2(Trees.scala:139)
	at scala.Option.map(Option.scala:242)
	at scala.meta.internal.parsing.Trees.parse(Trees.scala:130)
	at scala.meta.internal.parsing.Trees.didChange(Trees.scala:100)
	at scala.meta.internal.metals.MetalsLspService.$anonfun$parseTreesAndPublishDiags$2(MetalsLspService.scala:828)
	at scala.runtime.java8.JFunction0$mcV$sp.apply(JFunction0$mcV$sp.scala:18)
	at scala.concurrent.Future$.$anonfun$apply$1(Future.scala:687)
	at scala.concurrent.impl.Promise$Transformation.run(Promise.scala:467)
	... 3 more

Aug 30, 2023 7:36:52 PM org.eclipse.lsp4j.jsonrpc.RemoteEndpoint fallbackResponseError
SEVERE: Internal error: java.util.NoSuchElementException: token 82 out of 82
java.util.concurrent.CompletionException: java.util.NoSuchElementException: token 82 out of 82
	at java.base/java.util.concurrent.CompletableFuture.encodeThrowable(CompletableFuture.java:331)
	at java.base/java.util.concurrent.CompletableFuture.completeThrowable(CompletableFuture.java:346)
	at java.base/java.util.concurrent.CompletableFuture$UniAccept.tryFire(CompletableFuture.java:704)
	at java.base/java.util.concurrent.CompletableFuture.postComplete(CompletableFuture.java:506)
	at java.base/java.util.concurrent.CompletableFuture.completeExceptionally(CompletableFuture.java:2088)
	at scala.meta.internal.metals.CancelTokens$.$anonfun$future$1(CancelTokens.scala:40)
	at scala.meta.internal.metals.CancelTokens$.$anonfun$future$1$adapted(CancelTokens.scala:38)
	at scala.concurrent.impl.Promise$Transformation.run(Promise.scala:484)
	at java.base/java.util.concurrent.ThreadPoolExecutor.runWorker(ThreadPoolExecutor.java:1128)
	at java.base/java.util.concurrent.ThreadPoolExecutor$Worker.run(ThreadPoolExecutor.java:628)
	at java.base/java.lang.Thread.run(Thread.java:829)
Caused by: java.util.NoSuchElementException: token 82 out of 82
	at scala.meta.tokens.Tokens.apply(Tokens.scala:37)
	at scala.meta.internal.parsers.ScannerTokens.nextToken(ScannerTokens.scala:340)
	at scala.meta.internal.parsers.ScannerTokens.nextToken(ScannerTokens.scala:330)
	at scala.meta.internal.parsers.LazyTokenIterator.getNextTokenRef(LazyTokenIterator.scala:25)
	at scala.meta.internal.parsers.LazyTokenIterator.peekToken(LazyTokenIterator.scala:69)
	at scala.meta.internal.parsers.ScalametaParser.peekToken(ScalametaParser.scala:164)
	at scala.meta.internal.parsers.ScalametaParser.$anonfun$enumerators$1(ScalametaParser.scala:2513)
	at scala.meta.internal.parsers.ScalametaParser.$anonfun$enumerators$1$adapted(ScalametaParser.scala:2511)
	at scala.meta.internal.parsers.ScalametaParser.scala$meta$internal$parsers$ScalametaParser$$listBy(ScalametaParser.scala:505)
	at scala.meta.internal.parsers.ScalametaParser.enumerators(ScalametaParser.scala:2511)
	at scala.meta.internal.parsers.ScalametaParser.$anonfun$expr$2(ScalametaParser.scala:1584)
	at scala.meta.internal.parsers.ScalametaParser.atPosOpt(ScalametaParser.scala:303)
	at scala.meta.internal.parsers.ScalametaParser.autoPosOpt(ScalametaParser.scala:347)
	at scala.meta.internal.parsers.ScalametaParser.expr(ScalametaParser.scala:1512)
	at scala.meta.internal.parsers.ScalametaParser.expr(ScalametaParser.scala:1403)
	at scala.meta.internal.parsers.ScalametaParser.exprMaybeIndented(ScalametaParser.scala:1425)
	at scala.meta.internal.parsers.ScalametaParser.$anonfun$funDefRest$1(ScalametaParser.scala:3736)
	at scala.meta.internal.parsers.ScalametaParser.autoEndPos(ScalametaParser.scala:349)
	at scala.meta.internal.parsers.ScalametaParser.autoEndPos(ScalametaParser.scala:354)
	at scala.meta.internal.parsers.ScalametaParser.funDefRest(ScalametaParser.scala:3698)
	at scala.meta.internal.parsers.ScalametaParser.funDefOrDclOrExtensionOrSecondaryCtor(ScalametaParser.scala:3644)
	at scala.meta.internal.parsers.ScalametaParser.defOrDclOrSecondaryCtor(ScalametaParser.scala:3476)
	at scala.meta.internal.parsers.ScalametaParser.tmplDef(ScalametaParser.scala:3811)
	at scala.meta.internal.parsers.ScalametaParser.topLevelTmplDef(ScalametaParser.scala:3786)
	at scala.meta.internal.parsers.ScalametaParser$$anonfun$2.applyOrElse(ScalametaParser.scala:4378)
	at scala.meta.internal.parsers.ScalametaParser$$anonfun$2.applyOrElse(ScalametaParser.scala:4366)
	at scala.PartialFunction.$anonfun$runWith$1(PartialFunction.scala:231)
	at scala.PartialFunction.$anonfun$runWith$1$adapted(PartialFunction.scala:230)
	at scala.meta.internal.parsers.ScalametaParser.statSeqBuf(ScalametaParser.scala:4357)
	at scala.meta.internal.parsers.ScalametaParser.$anonfun$batchSource$13(ScalametaParser.scala:4594)
	at scala.Option.getOrElse(Option.scala:201)
	at scala.meta.internal.parsers.ScalametaParser.$anonfun$batchSource$1(ScalametaParser.scala:4594)
	at scala.meta.internal.parsers.ScalametaParser.atPos(ScalametaParser.scala:300)
	at scala.meta.internal.parsers.ScalametaParser.autoPos(ScalametaParser.scala:346)
	at scala.meta.internal.parsers.ScalametaParser.batchSource(ScalametaParser.scala:4550)
	at scala.meta.internal.parsers.ScalametaParser.$anonfun$source$1(ScalametaParser.scala:4543)
	at scala.meta.internal.parsers.ScalametaParser.atPos(ScalametaParser.scala:300)
	at scala.meta.internal.parsers.ScalametaParser.autoPos(ScalametaParser.scala:346)
	at scala.meta.internal.parsers.ScalametaParser.source(ScalametaParser.scala:4543)
	at scala.meta.internal.parsers.ScalametaParser.entrypointSource(ScalametaParser.scala:4548)
	at scala.meta.internal.parsers.ScalametaParser.parseSourceImpl(ScalametaParser.scala:127)
	at scala.meta.internal.parsers.ScalametaParser.$anonfun$parseSource$1(ScalametaParser.scala:124)
	at scala.meta.internal.parsers.ScalametaParser.parseRuleAfterBOF(ScalametaParser.scala:51)
	at scala.meta.internal.parsers.ScalametaParser.parseRule(ScalametaParser.scala:46)
	at scala.meta.internal.parsers.ScalametaParser.parseSource(ScalametaParser.scala:124)
	at scala.meta.parsers.Parse$.$anonfun$parseSource$1(Parse.scala:29)
	at scala.meta.parsers.Parse$$anon$1.apply(Parse.scala:36)
	at scala.meta.parsers.Api$XtensionParseDialectInput.parse(Api.scala:25)
	at scala.meta.internal.parsing.Trees.$anonfun$parse$2(Trees.scala:139)
	at scala.Option.map(Option.scala:242)
	at scala.meta.internal.parsing.Trees.parse(Trees.scala:130)
	at scala.meta.internal.parsing.Trees.didChange(Trees.scala:100)
	at scala.meta.internal.metals.MetalsLspService.$anonfun$parseTreesAndPublishDiags$2(MetalsLspService.scala:828)
	at scala.runtime.java8.JFunction0$mcV$sp.apply(JFunction0$mcV$sp.scala:18)
	at scala.concurrent.Future$.$anonfun$apply$1(Future.scala:687)
	at scala.concurrent.impl.Promise$Transformation.run(Promise.scala:467)
	... 3 more

Aug 30, 2023 7:36:52 PM org.eclipse.lsp4j.jsonrpc.RemoteEndpoint handleCancellation
WARNING: Unmatched cancel notification for request id 245
Aug 30, 2023 7:36:53 PM org.eclipse.lsp4j.jsonrpc.RemoteEndpoint fallbackResponseError
SEVERE: Internal error: java.util.NoSuchElementException: token 82 out of 82
java.util.concurrent.CompletionException: java.util.NoSuchElementException: token 82 out of 82
	at java.base/java.util.concurrent.CompletableFuture.encodeThrowable(CompletableFuture.java:331)
	at java.base/java.util.concurrent.CompletableFuture.completeThrowable(CompletableFuture.java:346)
	at java.base/java.util.concurrent.CompletableFuture$UniAccept.tryFire(CompletableFuture.java:704)
	at java.base/java.util.concurrent.CompletableFuture.postComplete(CompletableFuture.java:506)
	at java.base/java.util.concurrent.CompletableFuture.completeExceptionally(CompletableFuture.java:2088)
	at scala.meta.internal.metals.CancelTokens$.$anonfun$future$1(CancelTokens.scala:40)
	at scala.meta.internal.metals.CancelTokens$.$anonfun$future$1$adapted(CancelTokens.scala:38)
	at scala.concurrent.impl.Promise$Transformation.run(Promise.scala:484)
	at java.base/java.util.concurrent.ThreadPoolExecutor.runWorker(ThreadPoolExecutor.java:1128)
	at java.base/java.util.concurrent.ThreadPoolExecutor$Worker.run(ThreadPoolExecutor.java:628)
	at java.base/java.lang.Thread.run(Thread.java:829)
Caused by: java.util.NoSuchElementException: token 82 out of 82
	at scala.meta.tokens.Tokens.apply(Tokens.scala:37)
	at scala.meta.internal.parsers.ScannerTokens.nextToken(ScannerTokens.scala:340)
	at scala.meta.internal.parsers.ScannerTokens.nextToken(ScannerTokens.scala:330)
	at scala.meta.internal.parsers.LazyTokenIterator.getNextTokenRef(LazyTokenIterator.scala:25)
	at scala.meta.internal.parsers.LazyTokenIterator.peekToken(LazyTokenIterator.scala:69)
	at scala.meta.internal.parsers.ScalametaParser.peekToken(ScalametaParser.scala:164)
	at scala.meta.internal.parsers.ScalametaParser.$anonfun$enumerators$1(ScalametaParser.scala:2513)
	at scala.meta.internal.parsers.ScalametaParser.$anonfun$enumerators$1$adapted(ScalametaParser.scala:2511)
	at scala.meta.internal.parsers.ScalametaParser.scala$meta$internal$parsers$ScalametaParser$$listBy(ScalametaParser.scala:505)
	at scala.meta.internal.parsers.ScalametaParser.enumerators(ScalametaParser.scala:2511)
	at scala.meta.internal.parsers.ScalametaParser.$anonfun$expr$2(ScalametaParser.scala:1584)
	at scala.meta.internal.parsers.ScalametaParser.atPosOpt(ScalametaParser.scala:303)
	at scala.meta.internal.parsers.ScalametaParser.autoPosOpt(ScalametaParser.scala:347)
	at scala.meta.internal.parsers.ScalametaParser.expr(ScalametaParser.scala:1512)
	at scala.meta.internal.parsers.ScalametaParser.expr(ScalametaParser.scala:1403)
	at scala.meta.internal.parsers.ScalametaParser.exprMaybeIndented(ScalametaParser.scala:1425)
	at scala.meta.internal.parsers.ScalametaParser.$anonfun$funDefRest$1(ScalametaParser.scala:3736)
	at scala.meta.internal.parsers.ScalametaParser.autoEndPos(ScalametaParser.scala:349)
	at scala.meta.internal.parsers.ScalametaParser.autoEndPos(ScalametaParser.scala:354)
	at scala.meta.internal.parsers.ScalametaParser.funDefRest(ScalametaParser.scala:3698)
	at scala.meta.internal.parsers.ScalametaParser.funDefOrDclOrExtensionOrSecondaryCtor(ScalametaParser.scala:3644)
	at scala.meta.internal.parsers.ScalametaParser.defOrDclOrSecondaryCtor(ScalametaParser.scala:3476)
	at scala.meta.internal.parsers.ScalametaParser.tmplDef(ScalametaParser.scala:3811)
	at scala.meta.internal.parsers.ScalametaParser.topLevelTmplDef(ScalametaParser.scala:3786)
	at scala.meta.internal.parsers.ScalametaParser$$anonfun$2.applyOrElse(ScalametaParser.scala:4378)
	at scala.meta.internal.parsers.ScalametaParser$$anonfun$2.applyOrElse(ScalametaParser.scala:4366)
	at scala.PartialFunction.$anonfun$runWith$1(PartialFunction.scala:231)
	at scala.PartialFunction.$anonfun$runWith$1$adapted(PartialFunction.scala:230)
	at scala.meta.internal.parsers.ScalametaParser.statSeqBuf(ScalametaParser.scala:4357)
	at scala.meta.internal.parsers.ScalametaParser.$anonfun$batchSource$13(ScalametaParser.scala:4594)
	at scala.Option.getOrElse(Option.scala:201)
	at scala.meta.internal.parsers.ScalametaParser.$anonfun$batchSource$1(ScalametaParser.scala:4594)
	at scala.meta.internal.parsers.ScalametaParser.atPos(ScalametaParser.scala:300)
	at scala.meta.internal.parsers.ScalametaParser.autoPos(ScalametaParser.scala:346)
	at scala.meta.internal.parsers.ScalametaParser.batchSource(ScalametaParser.scala:4550)
	at scala.meta.internal.parsers.ScalametaParser.$anonfun$source$1(ScalametaParser.scala:4543)
	at scala.meta.internal.parsers.ScalametaParser.atPos(ScalametaParser.scala:300)
	at scala.meta.internal.parsers.ScalametaParser.autoPos(ScalametaParser.scala:346)
	at scala.meta.internal.parsers.ScalametaParser.source(ScalametaParser.scala:4543)
	at scala.meta.internal.parsers.ScalametaParser.entrypointSource(ScalametaParser.scala:4548)
	at scala.meta.internal.parsers.ScalametaParser.parseSourceImpl(ScalametaParser.scala:127)
	at scala.meta.internal.parsers.ScalametaParser.$anonfun$parseSource$1(ScalametaParser.scala:124)
	at scala.meta.internal.parsers.ScalametaParser.parseRuleAfterBOF(ScalametaParser.scala:51)
	at scala.meta.internal.parsers.ScalametaParser.parseRule(ScalametaParser.scala:46)
	at scala.meta.internal.parsers.ScalametaParser.parseSource(ScalametaParser.scala:124)
	at scala.meta.parsers.Parse$.$anonfun$parseSource$1(Parse.scala:29)
	at scala.meta.parsers.Parse$$anon$1.apply(Parse.scala:36)
	at scala.meta.parsers.Api$XtensionParseDialectInput.parse(Api.scala:25)
	at scala.meta.internal.parsing.Trees.$anonfun$parse$2(Trees.scala:139)
	at scala.Option.map(Option.scala:242)
	at scala.meta.internal.parsing.Trees.parse(Trees.scala:130)
	at scala.meta.internal.parsing.Trees.didChange(Trees.scala:100)
	at scala.meta.internal.metals.MetalsLspService.$anonfun$parseTreesAndPublishDiags$2(MetalsLspService.scala:828)
	at scala.runtime.java8.JFunction0$mcV$sp.apply(JFunction0$mcV$sp.scala:18)
	at scala.concurrent.Future$.$anonfun$apply$1(Future.scala:687)
	at scala.concurrent.impl.Promise$Transformation.run(Promise.scala:467)
	... 3 more

Aug 30, 2023 7:36:53 PM org.eclipse.lsp4j.jsonrpc.RemoteEndpoint handleCancellation
WARNING: Unmatched cancel notification for request id 247
2023.08.30 19:37:08 INFO  BSP server: Downloading https://repo1.maven.org/maven2/net/kogics/kojo-lib/
2023.08.30 19:37:08 INFO  BSP server: Downloaded https://repo1.maven.org/maven2/net/kogics/kojo-lib/
2023.08.30 19:37:08 INFO  compiling w0kojo_bd2c96d2de (1 scala source)
2023.08.30 19:37:11 INFO  time: compiled w0kojo_bd2c96d2de in 3.01s
2023.08.30 19:37:24 INFO  BSP server: Downloading https://repo1.maven.org/maven2/net/kogics/kojo-lib/
2023.08.30 19:37:24 INFO  BSP server: Downloaded https://repo1.maven.org/maven2/net/kogics/kojo-lib/
2023.08.30 19:37:24 INFO  compiling w0kojo_bd2c96d2de (1 scala source)
2023.08.30 19:37:25 INFO  BSP server: Downloading https://repo1.maven.org/maven2/net/kogics/kojo-lib/
2023.08.30 19:37:25 INFO  BSP server: Downloaded https://repo1.maven.org/maven2/net/kogics/kojo-lib/
2023.08.30 19:37:25 INFO  Deduplicating compilation of w0kojo_bd2c96d2de from bsp client 'scala-cli 1.0.4' (since 26m 59.625s)
2023.08.30 19:37:25 INFO  compiling w0kojo_bd2c96d2de (1 scala source)
2023.08.30 19:37:25 INFO  time: compiled w0kojo_bd2c96d2de in 0.43s
2023.08.30 19:37:26 INFO  tracing is disabled for protocol dap-server, to enable tracing of incoming and outgoing JSON messages create an empty file at C:\Users\jacob\w0kojo\.metals\dap-server.trace.json or C:\Users\jacob\AppData\Local\scalameta\metals\cache\dap-server.trace.json
2023.08.30 19:37:26 INFO  tracing is disabled for protocol dap-client, to enable tracing of incoming and outgoing JSON messages create an empty file at C:\Users\jacob\w0kojo\.metals\dap-client.trace.json or C:\Users\jacob\AppData\Local\scalameta\metals\cache\dap-client.trace.json
2023.08.30 19:37:26 INFO  Starting debug proxy for [gurka]
2023.08.30 19:37:25 INFO  Loaded expression compiler in 1 millisecond
2023.08.30 19:37:25 INFO  Loaded step filter in 0 milliseconds
2023.08.30 19:37:27 INFO  BSP server: Downloading https://repo1.maven.org/maven2/net/kogics/kojo-lib/
2023.08.30 19:37:27 INFO  BSP server: Downloaded https://repo1.maven.org/maven2/net/kogics/kojo-lib/
2023.08.30 19:37:30 INFO  Loaded all sources and classes in 3 seconds
2023.08.30 19:37:31 INFO  Trying to attach to remote debuggee VM 127.0.0.1:63948 .
2023.08.30 19:37:31 INFO  Attaching to debuggee VM succeeded.
2023.08.30 19:37:40 INFO  Canceling debug proxy for [gurka]
2023.08.30 19:37:40 INFO  Closing debug server tcp://0.0.0.0:63946
2023.08.30 19:38:04 ERROR Failed to tokenize input for semantic tokens for C:\Users\jacob\w0kojo\kojolib.scala
scala.meta.tokenizers.TokenizeException: <input>:9: error: Invalid literal number
def gurka() = for i <- 1 to 4 do {if i % 2 == 0fram; hger;}
                                              ^
	at scala.meta.internal.tokenizers.Reporter.syntaxError(Reporter.scala:23)
	at scala.meta.internal.tokenizers.Reporter.syntaxError$(Reporter.scala:23)
	at scala.meta.internal.tokenizers.Reporter$$anon$1.syntaxError(Reporter.scala:33)
	at scala.meta.internal.tokenizers.Reporter.syntaxError(Reporter.scala:25)
	at scala.meta.internal.tokenizers.Reporter.syntaxError$(Reporter.scala:25)
	at scala.meta.internal.tokenizers.Reporter$$anon$1.syntaxError(Reporter.scala:33)
	at scala.meta.internal.tokenizers.LegacyScanner.checkNoLetter(LegacyScanner.scala:856)
	at scala.meta.internal.tokenizers.LegacyScanner.getFraction(LegacyScanner.scala:850)
	at scala.meta.internal.tokenizers.LegacyScanner.restOfUncertainToken$1(LegacyScanner.scala:887)
	at scala.meta.internal.tokenizers.LegacyScanner.getNumber(LegacyScanner.scala:908)
	at scala.meta.internal.tokenizers.LegacyScanner.fetchZero$1(LegacyScanner.scala:363)
	at scala.meta.internal.tokenizers.LegacyScanner.fetchToken(LegacyScanner.scala:365)
	at scala.meta.internal.tokenizers.LegacyScanner.nextToken(LegacyScanner.scala:246)
	at scala.meta.internal.tokenizers.LegacyScanner.foreach(LegacyScanner.scala:1047)
	at scala.meta.internal.tokenizers.ScalametaTokenizer.uncachedTokenize(ScalametaTokenizer.scala:24)
	at scala.meta.internal.tokenizers.ScalametaTokenizer.$anonfun$tokenize$1(ScalametaTokenizer.scala:17)
	at scala.collection.concurrent.TrieMap.getOrElseUpdate(TrieMap.scala:962)
	at scala.meta.internal.tokenizers.ScalametaTokenizer.tokenize(ScalametaTokenizer.scala:17)
	at scala.meta.internal.tokenizers.ScalametaTokenizer$$anon$2.apply(ScalametaTokenizer.scala:332)
	at scala.meta.tokenizers.Api$XtensionTokenizeDialectInput.tokenize(Api.scala:25)
	at scala.meta.tokenizers.Api$XtensionTokenizeInputLike.tokenize(Api.scala:14)
	at scala.meta.internal.metals.SemanticTokensProvider$.getTokens(SemanticTokensProvider.scala:28)
	at scala.meta.internal.metals.SemanticTokensProvider$.provide(SemanticTokensProvider.scala:89)
	at scala.meta.internal.metals.Compilers.$anonfun$semanticTokens$3(Compilers.scala:511)
	at scala.concurrent.impl.Promise$Transformation.run(Promise.scala:467)
	at java.util.concurrent.ThreadPoolExecutor.runWorker(ThreadPoolExecutor.java:1128)
	at java.util.concurrent.ThreadPoolExecutor$Worker.run(ThreadPoolExecutor.java:628)
	at java.lang.Thread.run(Thread.java:829)

Aug 30, 2023 7:38:07 PM org.eclipse.lsp4j.jsonrpc.RemoteEndpoint handleCancellation
WARNING: Unmatched cancel notification for request id 394
2023.08.30 19:39:06 INFO  BSP server: Downloading https://repo1.maven.org/maven2/net/kogics/kojo-lib/
2023.08.30 19:39:06 INFO  BSP server: Downloaded https://repo1.maven.org/maven2/net/kogics/kojo-lib/
2023.08.30 19:39:06 INFO  compiling w0kojo_bd2c96d2de (1 scala source)
2023.08.30 19:39:08 WARN  Could not load snapshot text for C:\Users\jacob\w0kojo\kojolib.scala
2023.08.30 19:39:08 INFO  time: compiled w0kojo_bd2c96d2de in 1.72s
2023.08.30 19:39:09 INFO  BSP server: Downloading https://repo1.maven.org/maven2/net/kogics/kojo-lib/
2023.08.30 19:39:09 INFO  BSP server: Downloaded https://repo1.maven.org/maven2/net/kogics/kojo-lib/
2023.08.30 19:39:09 INFO  tracing is disabled for protocol dap-server, to enable tracing of incoming and outgoing JSON messages create an empty file at C:\Users\jacob\w0kojo\.metals\dap-server.trace.json or C:\Users\jacob\AppData\Local\scalameta\metals\cache\dap-server.trace.json
2023.08.30 19:39:09 INFO  tracing is disabled for protocol dap-client, to enable tracing of incoming and outgoing JSON messages create an empty file at C:\Users\jacob\w0kojo\.metals\dap-client.trace.json or C:\Users\jacob\AppData\Local\scalameta\metals\cache\dap-client.trace.json
2023.08.30 19:39:09 INFO  Starting debug proxy for [gurka]
2023.08.30 19:39:09 INFO  Loaded expression compiler in 0 milliseconds
2023.08.30 19:39:09 INFO  Loaded step filter in 0 milliseconds
2023.08.30 19:39:10 INFO  BSP server: Downloading https://repo1.maven.org/maven2/net/kogics/kojo-lib/
2023.08.30 19:39:10 INFO  BSP server: Downloaded https://repo1.maven.org/maven2/net/kogics/kojo-lib/
2023.08.30 19:39:11 INFO  Loaded all sources and classes in 2 seconds
2023.08.30 19:39:11 INFO  Trying to attach to remote debuggee VM 127.0.0.1:63965 .
2023.08.30 19:39:11 INFO  Attaching to debuggee VM succeeded.
2023.08.30 19:39:23 INFO  Canceling debug proxy for [gurka]
2023.08.30 19:39:23 INFO  Closing debug server tcp://0.0.0.0:63963
2023.08.30 19:39:35 INFO  BSP server: Downloading https://repo1.maven.org/maven2/net/kogics/kojo-lib/
2023.08.30 19:39:35 INFO  BSP server: Downloaded https://repo1.maven.org/maven2/net/kogics/kojo-lib/
2023.08.30 19:39:36 INFO  compiling w0kojo_bd2c96d2de (1 scala source)
2023.08.30 19:39:37 INFO  time: compiled w0kojo_bd2c96d2de in 1.41s
2023.08.30 19:39:37 INFO  BSP server: Downloading https://repo1.maven.org/maven2/net/kogics/kojo-lib/
2023.08.30 19:39:37 INFO  BSP server: Downloaded https://repo1.maven.org/maven2/net/kogics/kojo-lib/
2023.08.30 19:39:37 INFO  tracing is disabled for protocol dap-server, to enable tracing of incoming and outgoing JSON messages create an empty file at C:\Users\jacob\w0kojo\.metals\dap-server.trace.json or C:\Users\jacob\AppData\Local\scalameta\metals\cache\dap-server.trace.json
2023.08.30 19:39:37 INFO  tracing is disabled for protocol dap-client, to enable tracing of incoming and outgoing JSON messages create an empty file at C:\Users\jacob\w0kojo\.metals\dap-client.trace.json or C:\Users\jacob\AppData\Local\scalameta\metals\cache\dap-client.trace.json
2023.08.30 19:39:38 INFO  Starting debug proxy for [gurka]
2023.08.30 19:39:37 INFO  Loaded expression compiler in 0 milliseconds
2023.08.30 19:39:37 INFO  Loaded step filter in 0 milliseconds
2023.08.30 19:39:39 INFO  BSP server: Downloading https://repo1.maven.org/maven2/net/kogics/kojo-lib/
2023.08.30 19:39:39 INFO  BSP server: Downloaded https://repo1.maven.org/maven2/net/kogics/kojo-lib/
2023.08.30 19:39:40 INFO  Loaded all sources and classes in 2 seconds
2023.08.30 19:39:40 INFO  Trying to attach to remote debuggee VM 127.0.0.1:63981 .
2023.08.30 19:39:40 INFO  Attaching to debuggee VM succeeded.
2023.08.30 19:39:47 INFO  Closing debug server tcp://0.0.0.0:63979
2023.08.30 19:39:47 INFO  Canceling debug proxy for [gurka]
Aug 30, 2023 7:50:46 PM org.eclipse.lsp4j.jsonrpc.services.GenericEndpoint notify
INFO: Unsupported notification method: $/setTrace
2023.08.30 19:51:08 INFO  BSP server: Downloading https://repo1.maven.org/maven2/net/kogics/kojo-lib/
2023.08.30 19:51:08 INFO  BSP server: Downloaded https://repo1.maven.org/maven2/net/kogics/kojo-lib/
2023.08.30 19:51:09 INFO  compiling w0kojo_bd2c96d2de (1 scala source)
2023.08.30 19:51:11 INFO  time: compiled w0kojo_bd2c96d2de in 2.23s
Aug 30, 2023 7:54:02 PM org.eclipse.lsp4j.jsonrpc.services.GenericEndpoint notify
INFO: Unsupported notification method: $/setTrace
